Analysis & Synthesis report for 2048
Fri Aug 28 23:12:39 2020
Quartus Prime Version 18.1.0 Build 625 09/12/2018 SJ Lite Edition


---------------------
; Table of Contents ;
---------------------
  1. Legal Notice
  2. Analysis & Synthesis Summary
  3. Analysis & Synthesis Settings
  4. Parallel Compilation
  5. Analysis & Synthesis Source Files Read
  6. Analysis & Synthesis Resource Usage Summary
  7. Analysis & Synthesis Resource Utilization by Entity
  8. Analysis & Synthesis IP Cores Summary
  9. General Register Statistics
 10. Multiplexer Restructuring Statistics (Restructuring Performed)
 11. Parameter Settings for User Entity Instance: vga_clk:vga_clk_instance|altpll:altpll_component
 12. Parameter Settings for User Entity Instance: VGA_controller:vga_controller_instance
 13. altpll Parameter Settings by Entity Instance
 14. Port Connectivity Checks: "color_mapper:color_instance"
 15. Post-Synthesis Netlist Statistics for Top Partition
 16. Elapsed Time Per Partition
 17. Analysis & Synthesis Messages



----------------
; Legal Notice ;
----------------
Copyright (C) 2018  Intel Corporation. All rights reserved.
Your use of Intel Corporation's design tools, logic functions 
and other software and tools, and its AMPP partner logic 
functions, and any output files from any of the foregoing 
(including device programming or simulation files), and any 
associated documentation or information are expressly subject 
to the terms and conditions of the Intel Program License 
Subscription Agreement, the Intel Quartus Prime License Agreement,
the Intel FPGA IP License Agreement, or other applicable license
agreement, including, without limitation, that your use is for
the sole purpose of programming logic devices manufactured by
Intel and sold by Intel or its authorized distributors.  Please
refer to the applicable agreement for further details.



+----------------------------------------------------------------------------------+
; Analysis & Synthesis Summary                                                     ;
+------------------------------------+---------------------------------------------+
; Analysis & Synthesis Status        ; Successful - Fri Aug 28 23:12:39 2020       ;
; Quartus Prime Version              ; 18.1.0 Build 625 09/12/2018 SJ Lite Edition ;
; Revision Name                      ; 2048                                        ;
; Top-level Entity Name              ; Final2048                                   ;
; Family                             ; Cyclone IV E                                ;
; Total logic elements               ; 61                                          ;
;     Total combinational functions  ; 61                                          ;
;     Dedicated logic registers      ; 24                                          ;
; Total registers                    ; 24                                          ;
; Total pins                         ; 128                                         ;
; Total virtual pins                 ; 0                                           ;
; Total memory bits                  ; 0                                           ;
; Embedded Multiplier 9-bit elements ; 0                                           ;
; Total PLLs                         ; 1                                           ;
+------------------------------------+---------------------------------------------+


+------------------------------------------------------------------------------------------------------------+
; Analysis & Synthesis Settings                                                                              ;
+------------------------------------------------------------------+--------------------+--------------------+
; Option                                                           ; Setting            ; Default Value      ;
+------------------------------------------------------------------+--------------------+--------------------+
; Device                                                           ; EP4CE115F29C7      ;                    ;
; Top-level entity name                                            ; Final2048          ; 2048               ;
; Family name                                                      ; Cyclone IV E       ; Cyclone V          ;
; Use smart compilation                                            ; Off                ; Off                ;
; Enable parallel Assembler and Timing Analyzer during compilation ; On                 ; On                 ;
; Enable compact report table                                      ; Off                ; Off                ;
; Restructure Multiplexers                                         ; Auto               ; Auto               ;
; Create Debugging Nodes for IP Cores                              ; Off                ; Off                ;
; Preserve fewer node names                                        ; On                 ; On                 ;
; Intel FPGA IP Evaluation Mode                                    ; Enable             ; Enable             ;
; Verilog Version                                                  ; Verilog_2001       ; Verilog_2001       ;
; VHDL Version                                                     ; VHDL_1993          ; VHDL_1993          ;
; State Machine Processing                                         ; Auto               ; Auto               ;
; Safe State Machine                                               ; Off                ; Off                ;
; Extract Verilog State Machines                                   ; On                 ; On                 ;
; Extract VHDL State Machines                                      ; On                 ; On                 ;
; Ignore Verilog initial constructs                                ; Off                ; Off                ;
; Iteration limit for constant Verilog loops                       ; 5000               ; 5000               ;
; Iteration limit for non-constant Verilog loops                   ; 250                ; 250                ;
; Add Pass-Through Logic to Inferred RAMs                          ; On                 ; On                 ;
; Infer RAMs from Raw Logic                                        ; On                 ; On                 ;
; Parallel Synthesis                                               ; On                 ; On                 ;
; DSP Block Balancing                                              ; Auto               ; Auto               ;
; NOT Gate Push-Back                                               ; On                 ; On                 ;
; Power-Up Don't Care                                              ; On                 ; On                 ;
; Remove Redundant Logic Cells                                     ; Off                ; Off                ;
; Remove Duplicate Registers                                       ; On                 ; On                 ;
; Ignore CARRY Buffers                                             ; Off                ; Off                ;
; Ignore CASCADE Buffers                                           ; Off                ; Off                ;
; Ignore GLOBAL Buffers                                            ; Off                ; Off                ;
; Ignore ROW GLOBAL Buffers                                        ; Off                ; Off                ;
; Ignore LCELL Buffers                                             ; Off                ; Off                ;
; Ignore SOFT Buffers                                              ; On                 ; On                 ;
; Limit AHDL Integers to 32 Bits                                   ; Off                ; Off                ;
; Optimization Technique                                           ; Balanced           ; Balanced           ;
; Carry Chain Length                                               ; 70                 ; 70                 ;
; Auto Carry Chains                                                ; On                 ; On                 ;
; Auto Open-Drain Pins                                             ; On                 ; On                 ;
; Perform WYSIWYG Primitive Resynthesis                            ; Off                ; Off                ;
; Auto ROM Replacement                                             ; On                 ; On                 ;
; Auto RAM Replacement                                             ; On                 ; On                 ;
; Auto DSP Block Replacement                                       ; On                 ; On                 ;
; Auto Shift Register Replacement                                  ; Auto               ; Auto               ;
; Allow Shift Register Merging across Hierarchies                  ; Auto               ; Auto               ;
; Auto Clock Enable Replacement                                    ; On                 ; On                 ;
; Strict RAM Replacement                                           ; Off                ; Off                ;
; Allow Synchronous Control Signals                                ; On                 ; On                 ;
; Force Use of Synchronous Clear Signals                           ; Off                ; Off                ;
; Auto RAM Block Balancing                                         ; On                 ; On                 ;
; Auto RAM to Logic Cell Conversion                                ; Off                ; Off                ;
; Auto Resource Sharing                                            ; Off                ; Off                ;
; Allow Any RAM Size For Recognition                               ; Off                ; Off                ;
; Allow Any ROM Size For Recognition                               ; Off                ; Off                ;
; Allow Any Shift Register Size For Recognition                    ; Off                ; Off                ;
; Use LogicLock Constraints during Resource Balancing              ; On                 ; On                 ;
; Ignore translate_off and synthesis_off directives                ; Off                ; Off                ;
; Timing-Driven Synthesis                                          ; On                 ; On                 ;
; Report Parameter Settings                                        ; On                 ; On                 ;
; Report Source Assignments                                        ; On                 ; On                 ;
; Report Connectivity Checks                                       ; On                 ; On                 ;
; Ignore Maximum Fan-Out Assignments                               ; Off                ; Off                ;
; Synchronization Register Chain Length                            ; 2                  ; 2                  ;
; Power Optimization During Synthesis                              ; Normal compilation ; Normal compilation ;
; HDL message level                                                ; Level2             ; Level2             ;
; Suppress Register Optimization Related Messages                  ; Off                ; Off                ;
; Number of Removed Registers Reported in Synthesis Report         ; 5000               ; 5000               ;
; Number of Swept Nodes Reported in Synthesis Report               ; 5000               ; 5000               ;
; Number of Inverted Registers Reported in Synthesis Report        ; 100                ; 100                ;
; Clock MUX Protection                                             ; On                 ; On                 ;
; Auto Gated Clock Conversion                                      ; Off                ; Off                ;
; Block Design Naming                                              ; Auto               ; Auto               ;
; SDC constraint protection                                        ; Off                ; Off                ;
; Synthesis Effort                                                 ; Auto               ; Auto               ;
; Shift Register Replacement - Allow Asynchronous Clear Signal     ; On                 ; On                 ;
; Pre-Mapping Resynthesis Optimization                             ; Off                ; Off                ;
; Analysis & Synthesis Message Level                               ; Medium             ; Medium             ;
; Disable Register Merging Across Hierarchies                      ; Auto               ; Auto               ;
; Resource Aware Inference For Block RAM                           ; On                 ; On                 ;
+------------------------------------------------------------------+--------------------+--------------------+


+------------------------------------------+
; Parallel Compilation                     ;
+----------------------------+-------------+
; Processors                 ; Number      ;
+----------------------------+-------------+
; Number detected on machine ; 8           ;
; Maximum allowed            ; 4           ;
;                            ;             ;
; Average used               ; 1.00        ;
; Maximum used               ; 4           ;
;                            ;             ;
; Usage by Processor         ; % Time Used ;
;     Processor 1            ; 100.0%      ;
;     Processor 2            ;   0.0%      ;
;     Processors 3-4         ;   0.0%      ;
+----------------------------+-------------+


+------------------------------------------------------------------------------------------------------------------------------------------------------------------------+
; Analysis & Synthesis Source Files Read                                                                                                                                 ;
+----------------------------------+-----------------+------------------------------+--------------------------------------------------------------------------+---------+
; File Name with User-Entered Path ; Used in Netlist ; File Type                    ; File Name with Absolute Path                                             ; Library ;
+----------------------------------+-----------------+------------------------------+--------------------------------------------------------------------------+---------+
; vga_clk.v                        ; yes             ; User Wizard-Generated File   ; D:/ECE385Lab/final/vga_clk.v                                             ;         ;
; VGA_controller.sv                ; yes             ; User SystemVerilog HDL File  ; D:/ECE385Lab/final/VGA_controller.sv                                     ;         ;
; Color_Mapper.sv                  ; yes             ; User SystemVerilog HDL File  ; D:/ECE385Lab/final/Color_Mapper.sv                                       ;         ;
; Final2048.sv                     ; yes             ; User SystemVerilog HDL File  ; D:/ECE385Lab/final/Final2048.sv                                          ;         ;
; altpll.tdf                       ; yes             ; Megafunction                 ; d:/intelfpga_lite/18.1/quartus/libraries/megafunctions/altpll.tdf        ;         ;
; aglobal181.inc                   ; yes             ; Megafunction                 ; d:/intelfpga_lite/18.1/quartus/libraries/megafunctions/aglobal181.inc    ;         ;
; stratix_pll.inc                  ; yes             ; Megafunction                 ; d:/intelfpga_lite/18.1/quartus/libraries/megafunctions/stratix_pll.inc   ;         ;
; stratixii_pll.inc                ; yes             ; Megafunction                 ; d:/intelfpga_lite/18.1/quartus/libraries/megafunctions/stratixii_pll.inc ;         ;
; cycloneii_pll.inc                ; yes             ; Megafunction                 ; d:/intelfpga_lite/18.1/quartus/libraries/megafunctions/cycloneii_pll.inc ;         ;
; db/vga_clk_altpll.v              ; yes             ; Auto-Generated Megafunction  ; D:/ECE385Lab/final/db/vga_clk_altpll.v                                   ;         ;
+----------------------------------+-----------------+------------------------------+--------------------------------------------------------------------------+---------+


+-----------------------------------------------------------------------------------------------------------------------------------------------+
; Analysis & Synthesis Resource Usage Summary                                                                                                   ;
+---------------------------------------------+-------------------------------------------------------------------------------------------------+
; Resource                                    ; Usage                                                                                           ;
+---------------------------------------------+-------------------------------------------------------------------------------------------------+
; Estimated Total logic elements              ; 61                                                                                              ;
;                                             ;                                                                                                 ;
; Total combinational functions               ; 61                                                                                              ;
; Logic element usage by number of LUT inputs ;                                                                                                 ;
;     -- 4 input functions                    ; 24                                                                                              ;
;     -- 3 input functions                    ; 6                                                                                               ;
;     -- <=2 input functions                  ; 31                                                                                              ;
;                                             ;                                                                                                 ;
; Logic elements by mode                      ;                                                                                                 ;
;     -- normal mode                          ; 43                                                                                              ;
;     -- arithmetic mode                      ; 18                                                                                              ;
;                                             ;                                                                                                 ;
; Total registers                             ; 24                                                                                              ;
;     -- Dedicated logic registers            ; 24                                                                                              ;
;     -- I/O registers                        ; 0                                                                                               ;
;                                             ;                                                                                                 ;
; I/O pins                                    ; 128                                                                                             ;
;                                             ;                                                                                                 ;
; Embedded Multiplier 9-bit elements          ; 0                                                                                               ;
;                                             ;                                                                                                 ;
; Total PLLs                                  ; 1                                                                                               ;
;     -- PLLs                                 ; 1                                                                                               ;
;                                             ;                                                                                                 ;
; Maximum fan-out node                        ; vga_clk:vga_clk_instance|altpll:altpll_component|vga_clk_altpll:auto_generated|wire_pll1_clk[0] ;
; Maximum fan-out                             ; 25                                                                                              ;
; Total fan-out                               ; 414                                                                                             ;
; Average fan-out                             ; 1.06                                                                                            ;
+---------------------------------------------+-------------------------------------------------------------------------------------------------+


+----------------------------------------------------------------------------------------------------------------------------------------------------------------------------------------------------------------------------------------------------------------------------------------------------+
; Analysis & Synthesis Resource Utilization by Entity                                                                                                                                                                                                                                                ;
+---------------------------------------------+---------------------+---------------------------+-------------+--------------+---------+-----------+------+--------------+-------------------------------------------------------------------------------------------+----------------+--------------+
; Compilation Hierarchy Node                  ; Combinational ALUTs ; Dedicated Logic Registers ; Memory Bits ; DSP Elements ; DSP 9x9 ; DSP 18x18 ; Pins ; Virtual Pins ; Full Hierarchy Name                                                                       ; Entity Name    ; Library Name ;
+---------------------------------------------+---------------------+---------------------------+-------------+--------------+---------+-----------+------+--------------+-------------------------------------------------------------------------------------------+----------------+--------------+
; |Final2048                                  ; 61 (1)              ; 24 (1)                    ; 0           ; 0            ; 0       ; 0         ; 128  ; 0            ; |Final2048                                                                                ; Final2048      ; work         ;
;    |VGA_controller:vga_controller_instance| ; 60 (60)             ; 23 (23)                   ; 0           ; 0            ; 0       ; 0         ; 0    ; 0            ; |Final2048|VGA_controller:vga_controller_instance                                         ; VGA_controller ; work         ;
;    |vga_clk:vga_clk_instance|               ; 0 (0)               ; 0 (0)                     ; 0           ; 0            ; 0       ; 0         ; 0    ; 0            ; |Final2048|vga_clk:vga_clk_instance                                                       ; vga_clk        ; work         ;
;       |altpll:altpll_component|             ; 0 (0)               ; 0 (0)                     ; 0           ; 0            ; 0       ; 0         ; 0    ; 0            ; |Final2048|vga_clk:vga_clk_instance|altpll:altpll_component                               ; altpll         ; work         ;
;          |vga_clk_altpll:auto_generated|    ; 0 (0)               ; 0 (0)                     ; 0           ; 0            ; 0       ; 0         ; 0    ; 0            ; |Final2048|vga_clk:vga_clk_instance|altpll:altpll_component|vga_clk_altpll:auto_generated ; vga_clk_altpll ; work         ;
+---------------------------------------------+---------------------+---------------------------+-------------+--------------+---------+-----------+------+--------------+-------------------------------------------------------------------------------------------+----------------+--------------+
Note: For table entries with two numbers listed, the numbers in parentheses indicate the number of resources of the given type used by the specific entity alone. The numbers listed outside of parentheses indicate the total resources of the given type used by the specific entity and all of its sub-entities in the hierarchy.


+-----------------------------------------------------------------------------------------------------------------------+
; Analysis & Synthesis IP Cores Summary                                                                                 ;
+--------+--------------+---------+--------------+--------------+-------------------------------------+-----------------+
; Vendor ; IP Core Name ; Version ; Release Date ; License Type ; Entity Instance                     ; IP Include File ;
+--------+--------------+---------+--------------+--------------+-------------------------------------+-----------------+
; Altera ; ALTPLL       ; 15.0    ; N/A          ; N/A          ; |Final2048|vga_clk:vga_clk_instance ; vga_clk.v       ;
+--------+--------------+---------+--------------+--------------+-------------------------------------+-----------------+


+------------------------------------------------------+
; General Register Statistics                          ;
+----------------------------------------------+-------+
; Statistic                                    ; Value ;
+----------------------------------------------+-------+
; Total registers                              ; 24    ;
; Number of registers using Synchronous Clear  ; 4     ;
; Number of registers using Synchronous Load   ; 0     ;
; Number of registers using Asynchronous Clear ; 0     ;
; Number of registers using Asynchronous Load  ; 0     ;
; Number of registers using Clock Enable       ; 0     ;
; Number of registers using Preset             ; 0     ;
+----------------------------------------------+-------+


+---------------------------------------------------------------------------------------------------------------------------------------------------------------------------------+
; Multiplexer Restructuring Statistics (Restructuring Performed)                                                                                                                  ;
+--------------------+-----------+---------------+----------------------+------------------------+------------+-------------------------------------------------------------------+
; Multiplexer Inputs ; Bus Width ; Baseline Area ; Area if Restructured ; Saving if Restructured ; Registered ; Example Multiplexer Output                                        ;
+--------------------+-----------+---------------+----------------------+------------------------+------------+-------------------------------------------------------------------+
; 3:1                ; 4 bits    ; 8 LEs         ; 4 LEs                ; 4 LEs                  ; Yes        ; |Final2048|VGA_controller:vga_controller_instance|h_counter[0]    ;
; 3:1                ; 9 bits    ; 18 LEs        ; 18 LEs               ; 0 LEs                  ; No         ; |Final2048|VGA_controller:vga_controller_instance|v_counter_in[9] ;
+--------------------+-----------+---------------+----------------------+------------------------+------------+-------------------------------------------------------------------+


+-----------------------------------------------------------------------------------------------+
; Parameter Settings for User Entity Instance: vga_clk:vga_clk_instance|altpll:altpll_component ;
+-------------------------------+---------------------------+-----------------------------------+
; Parameter Name                ; Value                     ; Type                              ;
+-------------------------------+---------------------------+-----------------------------------+
; OPERATION_MODE                ; NORMAL                    ; Untyped                           ;
; PLL_TYPE                      ; AUTO                      ; Untyped                           ;
; LPM_HINT                      ; CBX_MODULE_PREFIX=vga_clk ; Untyped                           ;
; QUALIFY_CONF_DONE             ; OFF                       ; Untyped                           ;
; COMPENSATE_CLOCK              ; CLK0                      ; Untyped                           ;
; SCAN_CHAIN                    ; LONG                      ; Untyped                           ;
; PRIMARY_CLOCK                 ; INCLK0                    ; Untyped                           ;
; INCLK0_INPUT_FREQUENCY        ; 20000                     ; Signed Integer                    ;
; INCLK1_INPUT_FREQUENCY        ; 0                         ; Untyped                           ;
; GATE_LOCK_SIGNAL              ; NO                        ; Untyped                           ;
; GATE_LOCK_COUNTER             ; 0                         ; Untyped                           ;
; LOCK_HIGH                     ; 1                         ; Untyped                           ;
; LOCK_LOW                      ; 1                         ; Untyped                           ;
; VALID_LOCK_MULTIPLIER         ; 1                         ; Untyped                           ;
; INVALID_LOCK_MULTIPLIER       ; 5                         ; Untyped                           ;
; SWITCH_OVER_ON_LOSSCLK        ; OFF                       ; Untyped                           ;
; SWITCH_OVER_ON_GATED_LOCK     ; OFF                       ; Untyped                           ;
; ENABLE_SWITCH_OVER_COUNTER    ; OFF                       ; Untyped                           ;
; SKIP_VCO                      ; OFF                       ; Untyped                           ;
; SWITCH_OVER_COUNTER           ; 0                         ; Untyped                           ;
; SWITCH_OVER_TYPE              ; AUTO                      ; Untyped                           ;
; FEEDBACK_SOURCE               ; EXTCLK0                   ; Untyped                           ;
; BANDWIDTH                     ; 0                         ; Untyped                           ;
; BANDWIDTH_TYPE                ; AUTO                      ; Untyped                           ;
; SPREAD_FREQUENCY              ; 0                         ; Untyped                           ;
; DOWN_SPREAD                   ; 0                         ; Untyped                           ;
; SELF_RESET_ON_GATED_LOSS_LOCK ; OFF                       ; Untyped                           ;
; SELF_RESET_ON_LOSS_LOCK       ; OFF                       ; Untyped                           ;
; CLK9_MULTIPLY_BY              ; 0                         ; Untyped                           ;
; CLK8_MULTIPLY_BY              ; 0                         ; Untyped                           ;
; CLK7_MULTIPLY_BY              ; 0                         ; Untyped                           ;
; CLK6_MULTIPLY_BY              ; 0                         ; Untyped                           ;
; CLK5_MULTIPLY_BY              ; 1                         ; Untyped                           ;
; CLK4_MULTIPLY_BY              ; 1                         ; Untyped                           ;
; CLK3_MULTIPLY_BY              ; 1                         ; Untyped                           ;
; CLK2_MULTIPLY_BY              ; 1                         ; Untyped                           ;
; CLK1_MULTIPLY_BY              ; 1                         ; Untyped                           ;
; CLK0_MULTIPLY_BY              ; 1                         ; Signed Integer                    ;
; CLK9_DIVIDE_BY                ; 0                         ; Untyped                           ;
; CLK8_DIVIDE_BY                ; 0                         ; Untyped                           ;
; CLK7_DIVIDE_BY                ; 0                         ; Untyped                           ;
; CLK6_DIVIDE_BY                ; 0                         ; Untyped                           ;
; CLK5_DIVIDE_BY                ; 1                         ; Untyped                           ;
; CLK4_DIVIDE_BY                ; 1                         ; Untyped                           ;
; CLK3_DIVIDE_BY                ; 1                         ; Untyped                           ;
; CLK2_DIVIDE_BY                ; 1                         ; Untyped                           ;
; CLK1_DIVIDE_BY                ; 1                         ; Untyped                           ;
; CLK0_DIVIDE_BY                ; 2                         ; Signed Integer                    ;
; CLK9_PHASE_SHIFT              ; 0                         ; Untyped                           ;
; CLK8_PHASE_SHIFT              ; 0                         ; Untyped                           ;
; CLK7_PHASE_SHIFT              ; 0                         ; Untyped                           ;
; CLK6_PHASE_SHIFT              ; 0                         ; Untyped                           ;
; CLK5_PHASE_SHIFT              ; 0                         ; Untyped                           ;
; CLK4_PHASE_SHIFT              ; 0                         ; Untyped                           ;
; CLK3_PHASE_SHIFT              ; 0                         ; Untyped                           ;
; CLK2_PHASE_SHIFT              ; 0                         ; Untyped                           ;
; CLK1_PHASE_SHIFT              ; 0                         ; Untyped                           ;
; CLK0_PHASE_SHIFT              ; 0                         ; Untyped                           ;
; CLK5_TIME_DELAY               ; 0                         ; Untyped                           ;
; CLK4_TIME_DELAY               ; 0                         ; Untyped                           ;
; CLK3_TIME_DELAY               ; 0                         ; Untyped                           ;
; CLK2_TIME_DELAY               ; 0                         ; Untyped                           ;
; CLK1_TIME_DELAY               ; 0                         ; Untyped                           ;
; CLK0_TIME_DELAY               ; 0                         ; Untyped                           ;
; CLK9_DUTY_CYCLE               ; 50                        ; Untyped                           ;
; CLK8_DUTY_CYCLE               ; 50                        ; Untyped                           ;
; CLK7_DUTY_CYCLE               ; 50                        ; Untyped                           ;
; CLK6_DUTY_CYCLE               ; 50                        ; Untyped                           ;
; CLK5_DUTY_CYCLE               ; 50                        ; Untyped                           ;
; CLK4_DUTY_CYCLE               ; 50                        ; Untyped                           ;
; CLK3_DUTY_CYCLE               ; 50                        ; Untyped                           ;
; CLK2_DUTY_CYCLE               ; 50                        ; Untyped                           ;
; CLK1_DUTY_CYCLE               ; 50                        ; Untyped                           ;
; CLK0_DUTY_CYCLE               ; 50                        ; Signed Integer                    ;
; CLK9_USE_EVEN_COUNTER_MODE    ; OFF                       ; Untyped                           ;
; CLK8_USE_EVEN_COUNTER_MODE    ; OFF                       ; Untyped                           ;
; CLK7_USE_EVEN_COUNTER_MODE    ; OFF                       ; Untyped                           ;
; CLK6_USE_EVEN_COUNTER_MODE    ; OFF                       ; Untyped                           ;
; CLK5_USE_EVEN_COUNTER_MODE    ; OFF                       ; Untyped                           ;
; CLK4_USE_EVEN_COUNTER_MODE    ; OFF                       ; Untyped                           ;
; CLK3_USE_EVEN_COUNTER_MODE    ; OFF                       ; Untyped                           ;
; CLK2_USE_EVEN_COUNTER_MODE    ; OFF                       ; Untyped                           ;
; CLK1_USE_EVEN_COUNTER_MODE    ; OFF                       ; Untyped                           ;
; CLK0_USE_EVEN_COUNTER_MODE    ; OFF                       ; Untyped                           ;
; CLK9_USE_EVEN_COUNTER_VALUE   ; OFF                       ; Untyped                           ;
; CLK8_USE_EVEN_COUNTER_VALUE   ; OFF                       ; Untyped                           ;
; CLK7_USE_EVEN_COUNTER_VALUE   ; OFF                       ; Untyped                           ;
; CLK6_USE_EVEN_COUNTER_VALUE   ; OFF                       ; Untyped                           ;
; CLK5_USE_EVEN_COUNTER_VALUE   ; OFF                       ; Untyped                           ;
; CLK4_USE_EVEN_COUNTER_VALUE   ; OFF                       ; Untyped                           ;
; CLK3_USE_EVEN_COUNTER_VALUE   ; OFF                       ; Untyped                           ;
; CLK2_USE_EVEN_COUNTER_VALUE   ; OFF                       ; Untyped                           ;
; CLK1_USE_EVEN_COUNTER_VALUE   ; OFF                       ; Untyped                           ;
; CLK0_USE_EVEN_COUNTER_VALUE   ; OFF                       ; Untyped                           ;
; LOCK_WINDOW_UI                ;  0.05                     ; Untyped                           ;
; LOCK_WINDOW_UI_BITS           ; UNUSED                    ; Untyped                           ;
; VCO_RANGE_DETECTOR_LOW_BITS   ; UNUSED                    ; Untyped                           ;
; VCO_RANGE_DETECTOR_HIGH_BITS  ; UNUSED                    ; Untyped                           ;
; DPA_MULTIPLY_BY               ; 0                         ; Untyped                           ;
; DPA_DIVIDE_BY                 ; 1                         ; Untyped                           ;
; DPA_DIVIDER                   ; 0                         ; Untyped                           ;
; EXTCLK3_MULTIPLY_BY           ; 1                         ; Untyped                           ;
; EXTCLK2_MULTIPLY_BY           ; 1                         ; Untyped                           ;
; EXTCLK1_MULTIPLY_BY           ; 1                         ; Untyped                           ;
; EXTCLK0_MULTIPLY_BY           ; 1                         ; Untyped                           ;
; EXTCLK3_DIVIDE_BY             ; 1                         ; Untyped                           ;
; EXTCLK2_DIVIDE_BY             ; 1                         ; Untyped                           ;
; EXTCLK1_DIVIDE_BY             ; 1                         ; Untyped                           ;
; EXTCLK0_DIVIDE_BY             ; 1                         ; Untyped                           ;
; EXTCLK3_PHASE_SHIFT           ; 0                         ; Untyped                           ;
; EXTCLK2_PHASE_SHIFT           ; 0                         ; Untyped                           ;
; EXTCLK1_PHASE_SHIFT           ; 0                         ; Untyped                           ;
; EXTCLK0_PHASE_SHIFT           ; 0                         ; Untyped                           ;
; EXTCLK3_TIME_DELAY            ; 0                         ; Untyped                           ;
; EXTCLK2_TIME_DELAY            ; 0                         ; Untyped                           ;
; EXTCLK1_TIME_DELAY            ; 0                         ; Untyped                           ;
; EXTCLK0_TIME_DELAY            ; 0                         ; Untyped                           ;
; EXTCLK3_DUTY_CYCLE            ; 50                        ; Untyped                           ;
; EXTCLK2_DUTY_CYCLE            ; 50                        ; Untyped                           ;
; EXTCLK1_DUTY_CYCLE            ; 50                        ; Untyped                           ;
; EXTCLK0_DUTY_CYCLE            ; 50                        ; Untyped                           ;
; VCO_MULTIPLY_BY               ; 0                         ; Untyped                           ;
; VCO_DIVIDE_BY                 ; 0                         ; Untyped                           ;
; SCLKOUT0_PHASE_SHIFT          ; 0                         ; Untyped                           ;
; SCLKOUT1_PHASE_SHIFT          ; 0                         ; Untyped                           ;
; VCO_MIN                       ; 0                         ; Untyped                           ;
; VCO_MAX                       ; 0                         ; Untyped                           ;
; VCO_CENTER                    ; 0                         ; Untyped                           ;
; PFD_MIN                       ; 0                         ; Untyped                           ;
; PFD_MAX                       ; 0                         ; Untyped                           ;
; M_INITIAL                     ; 0                         ; Untyped                           ;
; M                             ; 0                         ; Untyped                           ;
; N                             ; 1                         ; Untyped                           ;
; M2                            ; 1                         ; Untyped                           ;
; N2                            ; 1                         ; Untyped                           ;
; SS                            ; 1                         ; Untyped                           ;
; C0_HIGH                       ; 0                         ; Untyped                           ;
; C1_HIGH                       ; 0                         ; Untyped                           ;
; C2_HIGH                       ; 0                         ; Untyped                           ;
; C3_HIGH                       ; 0                         ; Untyped                           ;
; C4_HIGH                       ; 0                         ; Untyped                           ;
; C5_HIGH                       ; 0                         ; Untyped                           ;
; C6_HIGH                       ; 0                         ; Untyped                           ;
; C7_HIGH                       ; 0                         ; Untyped                           ;
; C8_HIGH                       ; 0                         ; Untyped                           ;
; C9_HIGH                       ; 0                         ; Untyped                           ;
; C0_LOW                        ; 0                         ; Untyped                           ;
; C1_LOW                        ; 0                         ; Untyped                           ;
; C2_LOW                        ; 0                         ; Untyped                           ;
; C3_LOW                        ; 0                         ; Untyped                           ;
; C4_LOW                        ; 0                         ; Untyped                           ;
; C5_LOW                        ; 0                         ; Untyped                           ;
; C6_LOW                        ; 0                         ; Untyped                           ;
; C7_LOW                        ; 0                         ; Untyped                           ;
; C8_LOW                        ; 0                         ; Untyped                           ;
; C9_LOW                        ; 0                         ; Untyped                           ;
; C0_INITIAL                    ; 0                         ; Untyped                           ;
; C1_INITIAL                    ; 0                         ; Untyped                           ;
; C2_INITIAL                    ; 0                         ; Untyped                           ;
; C3_INITIAL                    ; 0                         ; Untyped                           ;
; C4_INITIAL                    ; 0                         ; Untyped                           ;
; C5_INITIAL                    ; 0                         ; Untyped                           ;
; C6_INITIAL                    ; 0                         ; Untyped                           ;
; C7_INITIAL                    ; 0                         ; Untyped                           ;
; C8_INITIAL                    ; 0                         ; Untyped                           ;
; C9_INITIAL                    ; 0                         ; Untyped                           ;
; C0_MODE                       ; BYPASS                    ; Untyped                           ;
; C1_MODE                       ; BYPASS                    ; Untyped                           ;
; C2_MODE                       ; BYPASS                    ; Untyped                           ;
; C3_MODE                       ; BYPASS                    ; Untyped                           ;
; C4_MODE                       ; BYPASS                    ; Untyped                           ;
; C5_MODE                       ; BYPASS                    ; Untyped                           ;
; C6_MODE                       ; BYPASS                    ; Untyped                           ;
; C7_MODE                       ; BYPASS                    ; Untyped                           ;
; C8_MODE                       ; BYPASS                    ; Untyped                           ;
; C9_MODE                       ; BYPASS                    ; Untyped                           ;
; C0_PH                         ; 0                         ; Untyped                           ;
; C1_PH                         ; 0                         ; Untyped                           ;
; C2_PH                         ; 0                         ; Untyped                           ;
; C3_PH                         ; 0                         ; Untyped                           ;
; C4_PH                         ; 0                         ; Untyped                           ;
; C5_PH                         ; 0                         ; Untyped                           ;
; C6_PH                         ; 0                         ; Untyped                           ;
; C7_PH                         ; 0                         ; Untyped                           ;
; C8_PH                         ; 0                         ; Untyped                           ;
; C9_PH                         ; 0                         ; Untyped                           ;
; L0_HIGH                       ; 1                         ; Untyped                           ;
; L1_HIGH                       ; 1                         ; Untyped                           ;
; G0_HIGH                       ; 1                         ; Untyped                           ;
; G1_HIGH                       ; 1                         ; Untyped                           ;
; G2_HIGH                       ; 1                         ; Untyped                           ;
; G3_HIGH                       ; 1                         ; Untyped                           ;
; E0_HIGH                       ; 1                         ; Untyped                           ;
; E1_HIGH                       ; 1                         ; Untyped                           ;
; E2_HIGH                       ; 1                         ; Untyped                           ;
; E3_HIGH                       ; 1                         ; Untyped                           ;
; L0_LOW                        ; 1                         ; Untyped                           ;
; L1_LOW                        ; 1                         ; Untyped                           ;
; G0_LOW                        ; 1                         ; Untyped                           ;
; G1_LOW                        ; 1                         ; Untyped                           ;
; G2_LOW                        ; 1                         ; Untyped                           ;
; G3_LOW                        ; 1                         ; Untyped                           ;
; E0_LOW                        ; 1                         ; Untyped                           ;
; E1_LOW                        ; 1                         ; Untyped                           ;
; E2_LOW                        ; 1                         ; Untyped                           ;
; E3_LOW                        ; 1                         ; Untyped                           ;
; L0_INITIAL                    ; 1                         ; Untyped                           ;
; L1_INITIAL                    ; 1                         ; Untyped                           ;
; G0_INITIAL                    ; 1                         ; Untyped                           ;
; G1_INITIAL                    ; 1                         ; Untyped                           ;
; G2_INITIAL                    ; 1                         ; Untyped                           ;
; G3_INITIAL                    ; 1                         ; Untyped                           ;
; E0_INITIAL                    ; 1                         ; Untyped                           ;
; E1_INITIAL                    ; 1                         ; Untyped                           ;
; E2_INITIAL                    ; 1                         ; Untyped                           ;
; E3_INITIAL                    ; 1                         ; Untyped                           ;
; L0_MODE                       ; BYPASS                    ; Untyped                           ;
; L1_MODE                       ; BYPASS                    ; Untyped                           ;
; G0_MODE                       ; BYPASS                    ; Untyped                           ;
; G1_MODE                       ; BYPASS                    ; Untyped                           ;
; G2_MODE                       ; BYPASS                    ; Untyped                           ;
; G3_MODE                       ; BYPASS                    ; Untyped                           ;
; E0_MODE                       ; BYPASS                    ; Untyped                           ;
; E1_MODE                       ; BYPASS                    ; Untyped                           ;
; E2_MODE                       ; BYPASS                    ; Untyped                           ;
; E3_MODE                       ; BYPASS                    ; Untyped                           ;
; L0_PH                         ; 0                         ; Untyped                           ;
; L1_PH                         ; 0                         ; Untyped                           ;
; G0_PH                         ; 0                         ; Untyped                           ;
; G1_PH                         ; 0                         ; Untyped                           ;
; G2_PH                         ; 0                         ; Untyped                           ;
; G3_PH                         ; 0                         ; Untyped                           ;
; E0_PH                         ; 0                         ; Untyped                           ;
; E1_PH                         ; 0                         ; Untyped                           ;
; E2_PH                         ; 0                         ; Untyped                           ;
; E3_PH                         ; 0                         ; Untyped                           ;
; M_PH                          ; 0                         ; Untyped                           ;
; C1_USE_CASC_IN                ; OFF                       ; Untyped                           ;
; C2_USE_CASC_IN                ; OFF                       ; Untyped                           ;
; C3_USE_CASC_IN                ; OFF                       ; Untyped                           ;
; C4_USE_CASC_IN                ; OFF                       ; Untyped                           ;
; C5_USE_CASC_IN                ; OFF                       ; Untyped                           ;
; C6_USE_CASC_IN                ; OFF                       ; Untyped                           ;
; C7_USE_CASC_IN                ; OFF                       ; Untyped                           ;
; C8_USE_CASC_IN                ; OFF                       ; Untyped                           ;
; C9_USE_CASC_IN                ; OFF                       ; Untyped                           ;
; CLK0_COUNTER                  ; G0                        ; Untyped                           ;
; CLK1_COUNTER                  ; G0                        ; Untyped                           ;
; CLK2_COUNTER                  ; G0                        ; Untyped                           ;
; CLK3_COUNTER                  ; G0                        ; Untyped                           ;
; CLK4_COUNTER                  ; G0                        ; Untyped                           ;
; CLK5_COUNTER                  ; G0                        ; Untyped                           ;
; CLK6_COUNTER                  ; E0                        ; Untyped                           ;
; CLK7_COUNTER                  ; E1                        ; Untyped                           ;
; CLK8_COUNTER                  ; E2                        ; Untyped                           ;
; CLK9_COUNTER                  ; E3                        ; Untyped                           ;
; L0_TIME_DELAY                 ; 0                         ; Untyped                           ;
; L1_TIME_DELAY                 ; 0                         ; Untyped                           ;
; G0_TIME_DELAY                 ; 0                         ; Untyped                           ;
; G1_TIME_DELAY                 ; 0                         ; Untyped                           ;
; G2_TIME_DELAY                 ; 0                         ; Untyped                           ;
; G3_TIME_DELAY                 ; 0                         ; Untyped                           ;
; E0_TIME_DELAY                 ; 0                         ; Untyped                           ;
; E1_TIME_DELAY                 ; 0                         ; Untyped                           ;
; E2_TIME_DELAY                 ; 0                         ; Untyped                           ;
; E3_TIME_DELAY                 ; 0                         ; Untyped                           ;
; M_TIME_DELAY                  ; 0                         ; Untyped                           ;
; N_TIME_DELAY                  ; 0                         ; Untyped                           ;
; EXTCLK3_COUNTER               ; E3                        ; Untyped                           ;
; EXTCLK2_COUNTER               ; E2                        ; Untyped                           ;
; EXTCLK1_COUNTER               ; E1                        ; Untyped                           ;
; EXTCLK0_COUNTER               ; E0                        ; Untyped                           ;
; ENABLE0_COUNTER               ; L0                        ; Untyped                           ;
; ENABLE1_COUNTER               ; L0                        ; Untyped                           ;
; CHARGE_PUMP_CURRENT           ; 2                         ; Untyped                           ;
; LOOP_FILTER_R                 ;  1.000000                 ; Untyped                           ;
; LOOP_FILTER_C                 ; 5                         ; Untyped                           ;
; CHARGE_PUMP_CURRENT_BITS      ; 9999                      ; Untyped                           ;
; LOOP_FILTER_R_BITS            ; 9999                      ; Untyped                           ;
; LOOP_FILTER_C_BITS            ; 9999                      ; Untyped                           ;
; VCO_POST_SCALE                ; 0                         ; Untyped                           ;
; CLK2_OUTPUT_FREQUENCY         ; 0                         ; Untyped                           ;
; CLK1_OUTPUT_FREQUENCY         ; 0                         ; Untyped                           ;
; CLK0_OUTPUT_FREQUENCY         ; 0                         ; Untyped                           ;
; INTENDED_DEVICE_FAMILY        ; Cyclone IV E              ; Untyped                           ;
; PORT_CLKENA0                  ; PORT_UNUSED               ; Untyped                           ;
; PORT_CLKENA1                  ; PORT_UNUSED               ; Untyped                           ;
; PORT_CLKENA2                  ; PORT_UNUSED               ; Untyped                           ;
; PORT_CLKENA3                  ; PORT_UNUSED               ; Untyped                           ;
; PORT_CLKENA4                  ; PORT_UNUSED               ; Untyped                           ;
; PORT_CLKENA5                  ; PORT_UNUSED               ; Untyped                           ;
; PORT_EXTCLKENA0               ; PORT_CONNECTIVITY         ; Untyped                           ;
; PORT_EXTCLKENA1               ; PORT_CONNECTIVITY         ; Untyped                           ;
; PORT_EXTCLKENA2               ; PORT_CONNECTIVITY         ; Untyped                           ;
; PORT_EXTCLKENA3               ; PORT_CONNECTIVITY         ; Untyped                           ;
; PORT_EXTCLK0                  ; PORT_UNUSED               ; Untyped                           ;
; PORT_EXTCLK1                  ; PORT_UNUSED               ; Untyped                           ;
; PORT_EXTCLK2                  ; PORT_UNUSED               ; Untyped                           ;
; PORT_EXTCLK3                  ; PORT_UNUSED               ; Untyped                           ;
; PORT_CLKBAD0                  ; PORT_UNUSED               ; Untyped                           ;
; PORT_CLKBAD1                  ; PORT_UNUSED               ; Untyped                           ;
; PORT_CLK0                     ; PORT_USED                 ; Untyped                           ;
; PORT_CLK1                     ; PORT_UNUSED               ; Untyped                           ;
; PORT_CLK2                     ; PORT_UNUSED               ; Untyped                           ;
; PORT_CLK3                     ; PORT_UNUSED               ; Untyped                           ;
; PORT_CLK4                     ; PORT_UNUSED               ; Untyped                           ;
; PORT_CLK5                     ; PORT_UNUSED               ; Untyped                           ;
; PORT_CLK6                     ; PORT_UNUSED               ; Untyped                           ;
; PORT_CLK7                     ; PORT_UNUSED               ; Untyped                           ;
; PORT_CLK8                     ; PORT_UNUSED               ; Untyped                           ;
; PORT_CLK9                     ; PORT_UNUSED               ; Untyped                           ;
; PORT_SCANDATA                 ; PORT_UNUSED               ; Untyped                           ;
; PORT_SCANDATAOUT              ; PORT_UNUSED               ; Untyped                           ;
; PORT_SCANDONE                 ; PORT_UNUSED               ; Untyped                           ;
; PORT_SCLKOUT1                 ; PORT_CONNECTIVITY         ; Untyped                           ;
; PORT_SCLKOUT0                 ; PORT_CONNECTIVITY         ; Untyped                           ;
; PORT_ACTIVECLOCK              ; PORT_UNUSED               ; Untyped                           ;
; PORT_CLKLOSS                  ; PORT_UNUSED               ; Untyped                           ;
; PORT_INCLK1                   ; PORT_UNUSED               ; Untyped                           ;
; PORT_INCLK0                   ; PORT_USED                 ; Untyped                           ;
; PORT_FBIN                     ; PORT_UNUSED               ; Untyped                           ;
; PORT_PLLENA                   ; PORT_UNUSED               ; Untyped                           ;
; PORT_CLKSWITCH                ; PORT_UNUSED               ; Untyped                           ;
; PORT_ARESET                   ; PORT_UNUSED               ; Untyped                           ;
; PORT_PFDENA                   ; PORT_UNUSED               ; Untyped                           ;
; PORT_SCANCLK                  ; PORT_UNUSED               ; Untyped                           ;
; PORT_SCANACLR                 ; PORT_UNUSED               ; Untyped                           ;
; PORT_SCANREAD                 ; PORT_UNUSED               ; Untyped                           ;
; PORT_SCANWRITE                ; PORT_UNUSED               ; Untyped                           ;
; PORT_ENABLE0                  ; PORT_CONNECTIVITY         ; Untyped                           ;
; PORT_ENABLE1                  ; PORT_CONNECTIVITY         ; Untyped                           ;
; PORT_LOCKED                   ; PORT_UNUSED               ; Untyped                           ;
; PORT_CONFIGUPDATE             ; PORT_UNUSED               ; Untyped                           ;
; PORT_FBOUT                    ; PORT_CONNECTIVITY         ; Untyped                           ;
; PORT_PHASEDONE                ; PORT_UNUSED               ; Untyped                           ;
; PORT_PHASESTEP                ; PORT_UNUSED               ; Untyped                           ;
; PORT_PHASEUPDOWN              ; PORT_UNUSED               ; Untyped                           ;
; PORT_SCANCLKENA               ; PORT_UNUSED               ; Untyped                           ;
; PORT_PHASECOUNTERSELECT       ; PORT_UNUSED               ; Untyped                           ;
; PORT_VCOOVERRANGE             ; PORT_CONNECTIVITY         ; Untyped                           ;
; PORT_VCOUNDERRANGE            ; PORT_CONNECTIVITY         ; Untyped                           ;
; M_TEST_SOURCE                 ; 5                         ; Untyped                           ;
; C0_TEST_SOURCE                ; 5                         ; Untyped                           ;
; C1_TEST_SOURCE                ; 5                         ; Untyped                           ;
; C2_TEST_SOURCE                ; 5                         ; Untyped                           ;
; C3_TEST_SOURCE                ; 5                         ; Untyped                           ;
; C4_TEST_SOURCE                ; 5                         ; Untyped                           ;
; C5_TEST_SOURCE                ; 5                         ; Untyped                           ;
; C6_TEST_SOURCE                ; 5                         ; Untyped                           ;
; C7_TEST_SOURCE                ; 5                         ; Untyped                           ;
; C8_TEST_SOURCE                ; 5                         ; Untyped                           ;
; C9_TEST_SOURCE                ; 5                         ; Untyped                           ;
; CBXI_PARAMETER                ; vga_clk_altpll            ; Untyped                           ;
; VCO_FREQUENCY_CONTROL         ; AUTO                      ; Untyped                           ;
; VCO_PHASE_SHIFT_STEP          ; 0                         ; Untyped                           ;
; WIDTH_CLOCK                   ; 5                         ; Signed Integer                    ;
; WIDTH_PHASECOUNTERSELECT      ; 4                         ; Untyped                           ;
; USING_FBMIMICBIDIR_PORT       ; OFF                       ; Untyped                           ;
; DEVICE_FAMILY                 ; Cyclone IV E              ; Untyped                           ;
; SCAN_CHAIN_MIF_FILE           ; UNUSED                    ; Untyped                           ;
; SIM_GATE_LOCK_DEVICE_BEHAVIOR ; OFF                       ; Untyped                           ;
; AUTO_CARRY_CHAINS             ; ON                        ; AUTO_CARRY                        ;
; IGNORE_CARRY_BUFFERS          ; OFF                       ; IGNORE_CARRY                      ;
; AUTO_CASCADE_CHAINS           ; ON                        ; AUTO_CASCADE                      ;
; IGNORE_CASCADE_BUFFERS        ; OFF                       ; IGNORE_CASCADE                    ;
+-------------------------------+---------------------------+-----------------------------------+
Note: In order to hide this table in the UI and the text report file, please set the "Show Parameter Settings in Synthesis Report" option in "Analysis and Synthesis Settings -> More Settings" to "Off".


+-------------------------------------------------------------------------------------+
; Parameter Settings for User Entity Instance: VGA_controller:vga_controller_instance ;
+----------------+------------+-------------------------------------------------------+
; Parameter Name ; Value      ; Type                                                  ;
+----------------+------------+-------------------------------------------------------+
; H_TOTAL        ; 1100100000 ; Unsigned Binary                                       ;
; V_TOTAL        ; 1000001101 ; Unsigned Binary                                       ;
+----------------+------------+-------------------------------------------------------+
Note: In order to hide this table in the UI and the text report file, please set the "Show Parameter Settings in Synthesis Report" option in "Analysis and Synthesis Settings -> More Settings" to "Off".


+----------------------------------------------------------------------------------+
; altpll Parameter Settings by Entity Instance                                     ;
+-------------------------------+--------------------------------------------------+
; Name                          ; Value                                            ;
+-------------------------------+--------------------------------------------------+
; Number of entity instances    ; 1                                                ;
; Entity Instance               ; vga_clk:vga_clk_instance|altpll:altpll_component ;
;     -- OPERATION_MODE         ; NORMAL                                           ;
;     -- PLL_TYPE               ; AUTO                                             ;
;     -- PRIMARY_CLOCK          ; INCLK0                                           ;
;     -- INCLK0_INPUT_FREQUENCY ; 20000                                            ;
;     -- INCLK1_INPUT_FREQUENCY ; 0                                                ;
;     -- VCO_MULTIPLY_BY        ; 0                                                ;
;     -- VCO_DIVIDE_BY          ; 0                                                ;
+-------------------------------+--------------------------------------------------+


+---------------------------------------------------------+
; Port Connectivity Checks: "color_mapper:color_instance" ;
+---------+-------+----------+----------------------------+
; Port    ; Type  ; Severity ; Details                    ;
+---------+-------+----------+----------------------------+
; is_ball ; Input ; Info     ; Stuck at GND               ;
+---------+-------+----------+----------------------------+


+-----------------------------------------------------+
; Post-Synthesis Netlist Statistics for Top Partition ;
+-----------------------+-----------------------------+
; Type                  ; Count                       ;
+-----------------------+-----------------------------+
; boundary_port         ; 128                         ;
; cycloneiii_ff         ; 24                          ;
;     SCLR              ; 4                           ;
;     plain             ; 20                          ;
; cycloneiii_io_obuf    ; 48                          ;
; cycloneiii_lcell_comb ; 70                          ;
;     arith             ; 18                          ;
;         2 data inputs ; 18                          ;
;     normal            ; 52                          ;
;         0 data inputs ; 2                           ;
;         1 data inputs ; 10                          ;
;         2 data inputs ; 10                          ;
;         3 data inputs ; 6                           ;
;         4 data inputs ; 24                          ;
; cycloneiii_pll        ; 1                           ;
;                       ;                             ;
; Max LUT depth         ; 7.30                        ;
; Average LUT depth     ; 3.34                        ;
+-----------------------+-----------------------------+


+-------------------------------+
; Elapsed Time Per Partition    ;
+----------------+--------------+
; Partition Name ; Elapsed Time ;
+----------------+--------------+
; Top            ; 00:00:01     ;
+----------------+--------------+


+-------------------------------+
; Analysis & Synthesis Messages ;
+-------------------------------+
Info: *******************************************************************
Info: Running Quartus Prime Analysis & Synthesis
    Info: Version 18.1.0 Build 625 09/12/2018 SJ Lite Edition
    Info: Processing started: Fri Aug 28 23:12:16 2020
Info: Command: quartus_map --read_settings_files=on --write_settings_files=off 2048 -c 2048
Warning (18236): Number of processors has not been specified which may cause overloading on shared machines.  Set the global assignment NUM_PARALLEL_PROCESSORS in your QSF to an appropriate value for best performance.
Info (20030): Parallel compilation is enabled and will use 4 of the 4 processors detected
Info (12021): Found 1 design units, including 1 entities, in source file vga_clk.v
    Info (12023): Found entity 1: vga_clk File: D:/ECE385Lab/final/vga_clk.v Line: 40
Info (12021): Found 1 design units, including 1 entities, in source file vga_controller.sv
    Info (12023): Found entity 1: VGA_controller File: D:/ECE385Lab/final/VGA_controller.sv Line: 26
Info (12021): Found 1 design units, including 1 entities, in source file color_mapper.sv
    Info (12023): Found entity 1: color_mapper File: D:/ECE385Lab/final/Color_Mapper.sv Line: 17
Info (12021): Found 1 design units, including 1 entities, in source file final2048.sv
    Info (12023): Found entity 1: Final2048 File: D:/ECE385Lab/final/Final2048.sv Line: 2
Info (12127): Elaborating entity "Final2048" for the top level hierarchy
Warning (10030): Net "is_ball" at Final2048.sv(48) has no driver or initial value, using a default initial value '0' File: D:/ECE385Lab/final/Final2048.sv Line: 48
Warning (10034): Output port "HEX0" at Final2048.sv(4) has no driver File: D:/ECE385Lab/final/Final2048.sv Line: 4
Warning (10034): Output port "HEX1" at Final2048.sv(4) has no driver File: D:/ECE385Lab/final/Final2048.sv Line: 4
Warning (10034): Output port "OTG_ADDR" at Final2048.sv(16) has no driver File: D:/ECE385Lab/final/Final2048.sv Line: 16
Warning (10034): Output port "DRAM_ADDR" at Final2048.sv(23) has no driver File: D:/ECE385Lab/final/Final2048.sv Line: 23
Warning (10034): Output port "DRAM_BA" at Final2048.sv(25) has no driver File: D:/ECE385Lab/final/Final2048.sv Line: 25
Warning (10034): Output port "DRAM_DQM" at Final2048.sv(26) has no driver File: D:/ECE385Lab/final/Final2048.sv Line: 26
Warning (10034): Output port "OTG_CS_N" at Final2048.sv(17) has no driver File: D:/ECE385Lab/final/Final2048.sv Line: 17
Warning (10034): Output port "OTG_RD_N" at Final2048.sv(18) has no driver File: D:/ECE385Lab/final/Final2048.sv Line: 18
Warning (10034): Output port "OTG_WR_N" at Final2048.sv(19) has no driver File: D:/ECE385Lab/final/Final2048.sv Line: 19
Warning (10034): Output port "OTG_RST_N" at Final2048.sv(20) has no driver File: D:/ECE385Lab/final/Final2048.sv Line: 20
Warning (10034): Output port "DRAM_RAS_N" at Final2048.sv(27) has no driver File: D:/ECE385Lab/final/Final2048.sv Line: 27
Warning (10034): Output port "DRAM_CAS_N" at Final2048.sv(28) has no driver File: D:/ECE385Lab/final/Final2048.sv Line: 28
Warning (10034): Output port "DRAM_CKE" at Final2048.sv(29) has no driver File: D:/ECE385Lab/final/Final2048.sv Line: 29
Warning (10034): Output port "DRAM_WE_N" at Final2048.sv(30) has no driver File: D:/ECE385Lab/final/Final2048.sv Line: 30
Warning (10034): Output port "DRAM_CS_N" at Final2048.sv(31) has no driver File: D:/ECE385Lab/final/Final2048.sv Line: 31
Warning (10034): Output port "DRAM_CLK" at Final2048.sv(33) has no driver File: D:/ECE385Lab/final/Final2048.sv Line: 33
Info (12128): Elaborating entity "vga_clk" for hierarchy "vga_clk:vga_clk_instance" File: D:/ECE385Lab/final/Final2048.sv Line: 97
Info (12128): Elaborating entity "altpll" for hierarchy "vga_clk:vga_clk_instance|altpll:altpll_component" File: D:/ECE385Lab/final/vga_clk.v Line: 91
Info (12130): Elaborated megafunction instantiation "vga_clk:vga_clk_instance|altpll:altpll_component" File: D:/ECE385Lab/final/vga_clk.v Line: 91
Info (12133): Instantiated megafunction "vga_clk:vga_clk_instance|altpll:altpll_component" with the following parameter: File: D:/ECE385Lab/final/vga_clk.v Line: 91
    Info (12134): Parameter "bandwidth_type" = "AUTO"
    Info (12134): Parameter "clk0_divide_by" = "2"
    Info (12134): Parameter "clk0_duty_cycle" = "50"
    Info (12134): Parameter "clk0_multiply_by" = "1"
    Info (12134): Parameter "clk0_phase_shift" = "0"
    Info (12134): Parameter "compensate_clock" = "CLK0"
    Info (12134): Parameter "inclk0_input_frequency" = "20000"
    Info (12134): Parameter "intended_device_family" = "Cyclone IV E"
    Info (12134): Parameter "lpm_hint" = "CBX_MODULE_PREFIX=vga_clk"
    Info (12134): Parameter "lpm_type" = "altpll"
    Info (12134): Parameter "operation_mode" = "NORMAL"
    Info (12134): Parameter "pll_type" = "AUTO"
    Info (12134): Parameter "port_activeclock" = "PORT_UNUSED"
    Info (12134): Parameter "port_areset" = "PORT_UNUSED"
    Info (12134): Parameter "port_clkbad0" = "PORT_UNUSED"
    Info (12134): Parameter "port_clkbad1" = "PORT_UNUSED"
    Info (12134): Parameter "port_clkloss" = "PORT_UNUSED"
    Info (12134): Parameter "port_clkswitch" = "PORT_UNUSED"
    Info (12134): Parameter "port_configupdate" = "PORT_UNUSED"
    Info (12134): Parameter "port_fbin" = "PORT_UNUSED"
    Info (12134): Parameter "port_inclk0" = "PORT_USED"
    Info (12134): Parameter "port_inclk1" = "PORT_UNUSED"
    Info (12134): Parameter "port_locked" = "PORT_UNUSED"
    Info (12134): Parameter "port_pfdena" = "PORT_UNUSED"
    Info (12134): Parameter "port_phasecounterselect" = "PORT_UNUSED"
    Info (12134): Parameter "port_phasedone" = "PORT_UNUSED"
    Info (12134): Parameter "port_phasestep" = "PORT_UNUSED"
    Info (12134): Parameter "port_phaseupdown" = "PORT_UNUSED"
    Info (12134): Parameter "port_pllena" = "PORT_UNUSED"
    Info (12134): Parameter "port_scanaclr" = "PORT_UNUSED"
    Info (12134): Parameter "port_scanclk" = "PORT_UNUSED"
    Info (12134): Parameter "port_scanclkena" = "PORT_UNUSED"
    Info (12134): Parameter "port_scandata" = "PORT_UNUSED"
    Info (12134): Parameter "port_scandataout" = "PORT_UNUSED"
    Info (12134): Parameter "port_scandone" = "PORT_UNUSED"
    Info (12134): Parameter "port_scanread" = "PORT_UNUSED"
    Info (12134): Parameter "port_scanwrite" = "PORT_UNUSED"
    Info (12134): Parameter "port_clk0" = "PORT_USED"
    Info (12134): Parameter "port_clk1" = "PORT_UNUSED"
    Info (12134): Parameter "port_clk2" = "PORT_UNUSED"
    Info (12134): Parameter "port_clk3" = "PORT_UNUSED"
    Info (12134): Parameter "port_clk4" = "PORT_UNUSED"
    Info (12134): Parameter "port_clk5" = "PORT_UNUSED"
    Info (12134): Parameter "port_clkena0" = "PORT_UNUSED"
    Info (12134): Parameter "port_clkena1" = "PORT_UNUSED"
    Info (12134): Parameter "port_clkena2" = "PORT_UNUSED"
    Info (12134): Parameter "port_clkena3" = "PORT_UNUSED"
    Info (12134): Parameter "port_clkena4" = "PORT_UNUSED"
    Info (12134): Parameter "port_clkena5" = "PORT_UNUSED"
    Info (12134): Parameter "port_extclk0" = "PORT_UNUSED"
    Info (12134): Parameter "port_extclk1" = "PORT_UNUSED"
    Info (12134): Parameter "port_extclk2" = "PORT_UNUSED"
    Info (12134): Parameter "port_extclk3" = "PORT_UNUSED"
    Info (12134): Parameter "width_clock" = "5"
Info (12021): Found 1 design units, including 1 entities, in source file db/vga_clk_altpll.v
    Info (12023): Found entity 1: vga_clk_altpll File: D:/ECE385Lab/final/db/vga_clk_altpll.v Line: 29
Info (12128): Elaborating entity "vga_clk_altpll" for hierarchy "vga_clk:vga_clk_instance|altpll:altpll_component|vga_clk_altpll:auto_generated" File: d:/intelfpga_lite/18.1/quartus/libraries/megafunctions/altpll.tdf Line: 897
Info (12128): Elaborating entity "VGA_controller" for hierarchy "VGA_controller:vga_controller_instance" File: D:/ECE385Lab/final/Final2048.sv Line: 100
Info (12128): Elaborating entity "color_mapper" for hierarchy "color_mapper:color_instance" File: D:/ECE385Lab/final/Final2048.sv Line: 103
Warning (12069): Ignored assignment(s) for "OTG_INT[0]" because "OTG_INT" is not a bus or array File: D:/ECE385Lab/final/Final2048.sv Line: 21
Warning (12069): Ignored assignment(s) for "OTG_INT[1]" because "OTG_INT" is not a bus or array File: D:/ECE385Lab/final/Final2048.sv Line: 21
Warning (12069): Ignored assignment(s) for "OTG_INT[0]" because "OTG_INT" is not a bus or array File: D:/ECE385Lab/final/Final2048.sv Line: 21
Warning (12069): Ignored assignment(s) for "OTG_INT[1]" because "OTG_INT" is not a bus or array File: D:/ECE385Lab/final/Final2048.sv Line: 21
Warning (13039): The following bidirectional pins have no drivers
    Warning (13040): bidirectional pin "OTG_DATA[0]" has no driver File: D:/ECE385Lab/final/Final2048.sv Line: 15
    Warning (13040): bidirectional pin "OTG_DATA[1]" has no driver File: D:/ECE385Lab/final/Final2048.sv Line: 15
    Warning (13040): bidirectional pin "OTG_DATA[2]" has no driver File: D:/ECE385Lab/final/Final2048.sv Line: 15
    Warning (13040): bidirectional pin "OTG_DATA[3]" has no driver File: D:/ECE385Lab/final/Final2048.sv Line: 15
    Warning (13040): bidirectional pin "OTG_DATA[4]" has no driver File: D:/ECE385Lab/final/Final2048.sv Line: 15
    Warning (13040): bidirectional pin "OTG_DATA[5]" has no driver File: D:/ECE385Lab/final/Final2048.sv Line: 15
    Warning (13040): bidirectional pin "OTG_DATA[6]" has no driver File: D:/ECE385Lab/final/Final2048.sv Line: 15
    Warning (13040): bidirectional pin "OTG_DATA[7]" has no driver File: D:/ECE385Lab/final/Final2048.sv Line: 15
    Warning (13040): bidirectional pin "OTG_DATA[8]" has no driver File: D:/ECE385Lab/final/Final2048.sv Line: 15
    Warning (13040): bidirectional pin "OTG_DATA[9]" has no driver File: D:/ECE385Lab/final/Final2048.sv Line: 15
    Warning (13040): bidirectional pin "OTG_DATA[10]" has no driver File: D:/ECE385Lab/final/Final2048.sv Line: 15
    Warning (13040): bidirectional pin "OTG_DATA[11]" has no driver File: D:/ECE385Lab/final/Final2048.sv Line: 15
    Warning (13040): bidirectional pin "OTG_DATA[12]" has no driver File: D:/ECE385Lab/final/Final2048.sv Line: 15
    Warning (13040): bidirectional pin "OTG_DATA[13]" has no driver File: D:/ECE385Lab/final/Final2048.sv Line: 15
    Warning (13040): bidirectional pin "OTG_DATA[14]" has no driver File: D:/ECE385Lab/final/Final2048.sv Line: 15
    Warning (13040): bidirectional pin "OTG_DATA[15]" has no driver File: D:/ECE385Lab/final/Final2048.sv Line: 15
    Warning (13040): bidirectional pin "DRAM_DQ[0]" has no driver File: D:/ECE385Lab/final/Final2048.sv Line: 24
    Warning (13040): bidirectional pin "DRAM_DQ[1]" has no driver File: D:/ECE385Lab/final/Final2048.sv Line: 24
    Warning (13040): bidirectional pin "DRAM_DQ[2]" has no driver File: D:/ECE385Lab/final/Final2048.sv Line: 24
    Warning (13040): bidirectional pin "DRAM_DQ[3]" has no driver File: D:/ECE385Lab/final/Final2048.sv Line: 24
    Warning (13040): bidirectional pin "DRAM_DQ[4]" has no driver File: D:/ECE385Lab/final/Final2048.sv Line: 24
    Warning (13040): bidirectional pin "DRAM_DQ[5]" has no driver File: D:/ECE385Lab/final/Final2048.sv Line: 24
    Warning (13040): bidirectional pin "DRAM_DQ[6]" has no driver File: D:/ECE385Lab/final/Final2048.sv Line: 24
    Warning (13040): bidirectional pin "DRAM_DQ[7]" has no driver File: D:/ECE385Lab/final/Final2048.sv Line: 24
    Warning (13040): bidirectional pin "DRAM_DQ[8]" has no driver File: D:/ECE385Lab/final/Final2048.sv Line: 24
    Warning (13040): bidirectional pin "DRAM_DQ[9]" has no driver File: D:/ECE385Lab/final/Final2048.sv Line: 24
    Warning (13040): bidirectional pin "DRAM_DQ[10]" has no driver File: D:/ECE385Lab/final/Final2048.sv Line: 24
    Warning (13040): bidirectional pin "DRAM_DQ[11]" has no driver File: D:/ECE385Lab/final/Final2048.sv Line: 24
    Warning (13040): bidirectional pin "DRAM_DQ[12]" has no driver File: D:/ECE385Lab/final/Final2048.sv Line: 24
    Warning (13040): bidirectional pin "DRAM_DQ[13]" has no driver File: D:/ECE385Lab/final/Final2048.sv Line: 24
    Warning (13040): bidirectional pin "DRAM_DQ[14]" has no driver File: D:/ECE385Lab/final/Final2048.sv Line: 24
    Warning (13040): bidirectional pin "DRAM_DQ[15]" has no driver File: D:/ECE385Lab/final/Final2048.sv Line: 24
    Warning (13040): bidirectional pin "DRAM_DQ[16]" has no driver File: D:/ECE385Lab/final/Final2048.sv Line: 24
    Warning (13040): bidirectional pin "DRAM_DQ[17]" has no driver File: D:/ECE385Lab/final/Final2048.sv Line: 24
    Warning (13040): bidirectional pin "DRAM_DQ[18]" has no driver File: D:/ECE385Lab/final/Final2048.sv Line: 24
    Warning (13040): bidirectional pin "DRAM_DQ[19]" has no driver File: D:/ECE385Lab/final/Final2048.sv Line: 24
    Warning (13040): bidirectional pin "DRAM_DQ[20]" has no driver File: D:/ECE385Lab/final/Final2048.sv Line: 24
    Warning (13040): bidirectional pin "DRAM_DQ[21]" has no driver File: D:/ECE385Lab/final/Final2048.sv Line: 24
    Warning (13040): bidirectional pin "DRAM_DQ[22]" has no driver File: D:/ECE385Lab/final/Final2048.sv Line: 24
    Warning (13040): bidirectional pin "DRAM_DQ[23]" has no driver File: D:/ECE385Lab/final/Final2048.sv Line: 24
    Warning (13040): bidirectional pin "DRAM_DQ[24]" has no driver File: D:/ECE385Lab/final/Final2048.sv Line: 24
    Warning (13040): bidirectional pin "DRAM_DQ[25]" has no driver File: D:/ECE385Lab/final/Final2048.sv Line: 24
    Warning (13040): bidirectional pin "DRAM_DQ[26]" has no driver File: D:/ECE385Lab/final/Final2048.sv Line: 24
    Warning (13040): bidirectional pin "DRAM_DQ[27]" has no driver File: D:/ECE385Lab/final/Final2048.sv Line: 24
    Warning (13040): bidirectional pin "DRAM_DQ[28]" has no driver File: D:/ECE385Lab/final/Final2048.sv Line: 24
    Warning (13040): bidirectional pin "DRAM_DQ[29]" has no driver File: D:/ECE385Lab/final/Final2048.sv Line: 24
    Warning (13040): bidirectional pin "DRAM_DQ[30]" has no driver File: D:/ECE385Lab/final/Final2048.sv Line: 24
    Warning (13040): bidirectional pin "DRAM_DQ[31]" has no driver File: D:/ECE385Lab/final/Final2048.sv Line: 24
Warning (13024): Output pins are stuck at VCC or GND
    Warning (13410): Pin "HEX0[0]" is stuck at GND File: D:/ECE385Lab/final/Final2048.sv Line: 4
    Warning (13410): Pin "HEX0[1]" is stuck at GND File: D:/ECE385Lab/final/Final2048.sv Line: 4
    Warning (13410): Pin "HEX0[2]" is stuck at GND File: D:/ECE385Lab/final/Final2048.sv Line: 4
    Warning (13410): Pin "HEX0[3]" is stuck at GND File: D:/ECE385Lab/final/Final2048.sv Line: 4
    Warning (13410): Pin "HEX0[4]" is stuck at GND File: D:/ECE385Lab/final/Final2048.sv Line: 4
    Warning (13410): Pin "HEX0[5]" is stuck at GND File: D:/ECE385Lab/final/Final2048.sv Line: 4
    Warning (13410): Pin "HEX0[6]" is stuck at GND File: D:/ECE385Lab/final/Final2048.sv Line: 4
    Warning (13410): Pin "HEX1[0]" is stuck at GND File: D:/ECE385Lab/final/Final2048.sv Line: 4
    Warning (13410): Pin "HEX1[1]" is stuck at GND File: D:/ECE385Lab/final/Final2048.sv Line: 4
    Warning (13410): Pin "HEX1[2]" is stuck at GND File: D:/ECE385Lab/final/Final2048.sv Line: 4
    Warning (13410): Pin "HEX1[3]" is stuck at GND File: D:/ECE385Lab/final/Final2048.sv Line: 4
    Warning (13410): Pin "HEX1[4]" is stuck at GND File: D:/ECE385Lab/final/Final2048.sv Line: 4
    Warning (13410): Pin "HEX1[5]" is stuck at GND File: D:/ECE385Lab/final/Final2048.sv Line: 4
    Warning (13410): Pin "HEX1[6]" is stuck at GND File: D:/ECE385Lab/final/Final2048.sv Line: 4
    Warning (13410): Pin "VGA_R[0]" is stuck at VCC File: D:/ECE385Lab/final/Final2048.sv Line: 6
    Warning (13410): Pin "VGA_R[1]" is stuck at VCC File: D:/ECE385Lab/final/Final2048.sv Line: 6
    Warning (13410): Pin "VGA_R[2]" is stuck at VCC File: D:/ECE385Lab/final/Final2048.sv Line: 6
    Warning (13410): Pin "VGA_R[3]" is stuck at VCC File: D:/ECE385Lab/final/Final2048.sv Line: 6
    Warning (13410): Pin "VGA_R[4]" is stuck at VCC File: D:/ECE385Lab/final/Final2048.sv Line: 6
    Warning (13410): Pin "VGA_R[5]" is stuck at VCC File: D:/ECE385Lab/final/Final2048.sv Line: 6
    Warning (13410): Pin "VGA_R[6]" is stuck at GND File: D:/ECE385Lab/final/Final2048.sv Line: 6
    Warning (13410): Pin "VGA_R[7]" is stuck at GND File: D:/ECE385Lab/final/Final2048.sv Line: 6
    Warning (13410): Pin "VGA_G[0]" is stuck at GND File: D:/ECE385Lab/final/Final2048.sv Line: 7
    Warning (13410): Pin "VGA_G[1]" is stuck at GND File: D:/ECE385Lab/final/Final2048.sv Line: 7
    Warning (13410): Pin "VGA_G[2]" is stuck at GND File: D:/ECE385Lab/final/Final2048.sv Line: 7
    Warning (13410): Pin "VGA_G[3]" is stuck at GND File: D:/ECE385Lab/final/Final2048.sv Line: 7
    Warning (13410): Pin "VGA_G[4]" is stuck at GND File: D:/ECE385Lab/final/Final2048.sv Line: 7
    Warning (13410): Pin "VGA_G[5]" is stuck at GND File: D:/ECE385Lab/final/Final2048.sv Line: 7
    Warning (13410): Pin "VGA_G[6]" is stuck at GND File: D:/ECE385Lab/final/Final2048.sv Line: 7
    Warning (13410): Pin "VGA_G[7]" is stuck at GND File: D:/ECE385Lab/final/Final2048.sv Line: 7
    Warning (13410): Pin "VGA_B[7]" is stuck at GND File: D:/ECE385Lab/final/Final2048.sv Line: 8
    Warning (13410): Pin "VGA_SYNC_N" is stuck at GND File: D:/ECE385Lab/final/Final2048.sv Line: 10
    Warning (13410): Pin "OTG_ADDR[0]" is stuck at GND File: D:/ECE385Lab/final/Final2048.sv Line: 16
    Warning (13410): Pin "OTG_ADDR[1]" is stuck at GND File: D:/ECE385Lab/final/Final2048.sv Line: 16
    Warning (13410): Pin "OTG_CS_N" is stuck at GND File: D:/ECE385Lab/final/Final2048.sv Line: 17
    Warning (13410): Pin "OTG_RD_N" is stuck at GND File: D:/ECE385Lab/final/Final2048.sv Line: 18
    Warning (13410): Pin "OTG_WR_N" is stuck at GND File: D:/ECE385Lab/final/Final2048.sv Line: 19
    Warning (13410): Pin "OTG_RST_N" is stuck at GND File: D:/ECE385Lab/final/Final2048.sv Line: 20
    Warning (13410): Pin "DRAM_ADDR[0]" is stuck at GND File: D:/ECE385Lab/final/Final2048.sv Line: 23
    Warning (13410): Pin "DRAM_ADDR[1]" is stuck at GND File: D:/ECE385Lab/final/Final2048.sv Line: 23
    Warning (13410): Pin "DRAM_ADDR[2]" is stuck at GND File: D:/ECE385Lab/final/Final2048.sv Line: 23
    Warning (13410): Pin "DRAM_ADDR[3]" is stuck at GND File: D:/ECE385Lab/final/Final2048.sv Line: 23
    Warning (13410): Pin "DRAM_ADDR[4]" is stuck at GND File: D:/ECE385Lab/final/Final2048.sv Line: 23
    Warning (13410): Pin "DRAM_ADDR[5]" is stuck at GND File: D:/ECE385Lab/final/Final2048.sv Line: 23
    Warning (13410): Pin "DRAM_ADDR[6]" is stuck at GND File: D:/ECE385Lab/final/Final2048.sv Line: 23
    Warning (13410): Pin "DRAM_ADDR[7]" is stuck at GND File: D:/ECE385Lab/final/Final2048.sv Line: 23
    Warning (13410): Pin "DRAM_ADDR[8]" is stuck at GND File: D:/ECE385Lab/final/Final2048.sv Line: 23
    Warning (13410): Pin "DRAM_ADDR[9]" is stuck at GND File: D:/ECE385Lab/final/Final2048.sv Line: 23
    Warning (13410): Pin "DRAM_ADDR[10]" is stuck at GND File: D:/ECE385Lab/final/Final2048.sv Line: 23
    Warning (13410): Pin "DRAM_ADDR[11]" is stuck at GND File: D:/ECE385Lab/final/Final2048.sv Line: 23
    Warning (13410): Pin "DRAM_ADDR[12]" is stuck at GND File: D:/ECE385Lab/final/Final2048.sv Line: 23
    Warning (13410): Pin "DRAM_BA[0]" is stuck at GND File: D:/ECE385Lab/final/Final2048.sv Line: 25
    Warning (13410): Pin "DRAM_BA[1]" is stuck at GND File: D:/ECE385Lab/final/Final2048.sv Line: 25
    Warning (13410): Pin "DRAM_DQM[0]" is stuck at GND File: D:/ECE385Lab/final/Final2048.sv Line: 26
    Warning (13410): Pin "DRAM_DQM[1]" is stuck at GND File: D:/ECE385Lab/final/Final2048.sv Line: 26
    Warning (13410): Pin "DRAM_DQM[2]" is stuck at GND File: D:/ECE385Lab/final/Final2048.sv Line: 26
    Warning (13410): Pin "DRAM_DQM[3]" is stuck at GND File: D:/ECE385Lab/final/Final2048.sv Line: 26
    Warning (13410): Pin "DRAM_RAS_N" is stuck at GND File: D:/ECE385Lab/final/Final2048.sv Line: 27
    Warning (13410): Pin "DRAM_CAS_N" is stuck at GND File: D:/ECE385Lab/final/Final2048.sv Line: 28
    Warning (13410): Pin "DRAM_CKE" is stuck at GND File: D:/ECE385Lab/final/Final2048.sv Line: 29
    Warning (13410): Pin "DRAM_WE_N" is stuck at GND File: D:/ECE385Lab/final/Final2048.sv Line: 30
    Warning (13410): Pin "DRAM_CS_N" is stuck at GND File: D:/ECE385Lab/final/Final2048.sv Line: 31
    Warning (13410): Pin "DRAM_CLK" is stuck at GND File: D:/ECE385Lab/final/Final2048.sv Line: 33
Info (286030): Timing-Driven Synthesis is running
Info (16010): Generating hard_block partition "hard_block:auto_generated_inst"
    Info (16011): Adding 1 node(s), including 0 DDIO, 1 PLL, 0 transceiver and 0 LCELL
Warning (21074): Design contains 4 input pin(s) that do not drive logic
    Warning (15610): No output dependent on input pin "KEY[1]" File: D:/ECE385Lab/final/Final2048.sv Line: 3
    Warning (15610): No output dependent on input pin "KEY[2]" File: D:/ECE385Lab/final/Final2048.sv Line: 3
    Warning (15610): No output dependent on input pin "KEY[3]" File: D:/ECE385Lab/final/Final2048.sv Line: 3
    Warning (15610): No output dependent on input pin "OTG_INT" File: D:/ECE385Lab/final/Final2048.sv Line: 21
Info (21057): Implemented 190 device resources after synthesis - the final resource count might be different
    Info (21058): Implemented 6 input pins
    Info (21059): Implemented 74 output pins
    Info (21060): Implemented 48 bidirectional pins
    Info (21061): Implemented 61 logic cells
    Info (21065): Implemented 1 PLLs
Info: Quartus Prime Analysis & Synthesis was successful. 0 errors, 140 warnings
    Info: Peak virtual memory: 4804 megabytes
    Info: Processing ended: Fri Aug 28 23:12:39 2020
    Info: Elapsed time: 00:00:23
    Info: Total CPU time (on all processors): 00:00:49


